<?xml version="1.0" encoding="UTF-8"?>
<!-- Generated by org.testng.reporters.JUnitReportReporter -->
<testsuite hostname="DESKTOP-0H5R4VD" failures="0" tests="1" name="test.CliniqueAppTaskTest" time="11.774" errors="0" timestamp="2025-08-24T22:50:55 IST" skipped="0">
  <testcase classname="test.CliniqueAppTaskTest" name="cliniqueappTaskTest" time="11.774"/>
</testsuite> <!-- test.CliniqueAppTaskTest -->
