<?xml version="1.0" encoding="UTF-8"?>
<!-- Generated by org.testng.reporters.JUnitReportReporter -->
<testsuite hostname="DESKTOP-0H5R4VD" failures="0" tests="1" name="test.CandyMapperTaskTest" time="6.317" errors="0" timestamp="2025-08-24T20:07:01 IST" skipped="0">
  <testcase classname="test.CandyMapperTaskTest" name="selectOption" time="6.317"/>
</testsuite> <!-- test.CandyMapperTaskTest -->
