<?xml version="1.0" encoding="UTF-8"?>
<!-- Generated by org.testng.reporters.JUnitReportReporter -->
<testsuite hostname="DESKTOP-0H5R4VD" failures="0" tests="1" name="com.crm.contacttest.CreateContactWithOrganizationTest" time="22.562" errors="0" timestamp="2025-08-11T16:44:05 IST" skipped="0">
  <testcase classname="com.crm.contacttest.CreateContactWithOrganizationTest" name="creatingContact" time="22.562"/>
</testsuite> <!-- com.crm.contacttest.CreateContactWithOrganizationTest -->
