<?xml version="1.0" encoding="UTF-8"?>
<!-- Generated by org.testng.reporters.JUnitReportReporter -->
<testsuite hostname="DESKTOP-0H5R4VD" failures="0" tests="3" name="practice.test.GetProductInfoTest" time="19.061" errors="0" timestamp="2025-08-14T10:16:10 IST" skipped="0">
  <testcase classname="practice.test.GetProductInfoTest" name="getProductInfoTest" time="6.054"/>
  <testcase classname="practice.test.GetProductInfoTest" name="getProductInfoTest" time="6.039"/>
  <testcase classname="practice.test.GetProductInfoTest" name="getProductInfoTest" time="6.968"/>
</testsuite> <!-- practice.test.GetProductInfoTest -->
