<?xml version="1.0" encoding="UTF-8"?>
<!-- Generated by org.testng.reporters.JUnitReportReporter -->
<testsuite hostname="DESKTOP-0H5R4VD" failures="0" tests="1" name="com.crm.contacttest.CreateContactWithSupportTest" time="14.130" errors="0" timestamp="2025-08-11T16:48:12 IST" skipped="0">
  <testcase classname="com.crm.contacttest.CreateContactWithSupportTest" name="creatingContactwithSupport" time="14.130"/>
</testsuite> <!-- com.crm.contacttest.CreateContactWithSupportTest -->
