<?xml version="1.0" encoding="UTF-8"?>
<!-- Generated by org.testng.reporters.JUnitReportReporter -->
<testsuite hostname="DESKTOP-0H5R4VD" failures="0" tests="1" name="com.crm.contacttest.CreateContactTest" time="14.179" errors="0" timestamp="2025-08-11T16:25:44 IST" skipped="0">
  <testcase classname="com.crm.contacttest.CreateContactTest" name="creatingContact" time="14.179"/>
</testsuite> <!-- com.crm.contacttest.CreateContactTest -->
