<?xml version="1.0" encoding="UTF-8"?>
<!-- Generated by org.testng.reporters.JUnitReportReporter -->
<testsuite hostname="DESKTOP-0H5R4VD" failures="0" tests="1" name="com.crm.orgtest.DeleteOrganizationTest" time="21.916" errors="0" timestamp="2025-08-12T16:49:52 IST" skipped="0">
  <testcase classname="com.crm.orgtest.DeleteOrganizationTest" name="creatingOrganization" time="21.916"/>
</testsuite> <!-- com.crm.orgtest.DeleteOrganizationTest -->
