<?xml version="1.0" encoding="UTF-8"?>
<!-- Generated by org.testng.reporters.JUnitReportReporter -->
<testsuite hostname="DESKTOP-0H5R4VD" failures="0" tests="1" name="com.crm.orgtest.CreateOrganizationWithPhoneNoTest" time="19.431" errors="0" timestamp="2025-08-18T16:58:47 IST" skipped="0">
  <testcase classname="com.crm.orgtest.CreateOrganizationWithPhoneNoTest" name="creatingOrganizationwithPhoneNo" time="19.431"/>
</testsuite> <!-- com.crm.orgtest.CreateOrganizationWithPhoneNoTest -->
